<?xml version="1.0" encoding="UTF-8"?>
<!-- Generated by org.testng.reporters.JUnitReportReporter -->
<testsuite hostname="DESKTOP-R49SHKC" failures="0" tests="1" name="com.OrangeHRM.testCases.TC001_Login_Test" time="2.446" errors="0" timestamp="2022-05-02T11:51:40 EDT" skipped="0">
  <testcase classname="com.OrangeHRM.testCases.TC001_Login_Test" name="loginTest" time="2.446"/>
  <system-out/>
</testsuite> <!-- com.OrangeHRM.testCases.TC001_Login_Test -->
