<?xml version="1.0" encoding="UTF-8"?>
<!-- Generated by org.testng.reporters.JUnitReportReporter -->
<testsuite hostname="DESKTOP-R49SHKC" failures="0" tests="1" name="com.OrangeHRM.testCases.TC002_CheckApplicationTitile" time="0.597" errors="0" timestamp="2022-05-02T12:18:32 EDT" skipped="0">
  <testcase classname="com.OrangeHRM.testCases.TC002_CheckApplicationTitile" name="checkAppTitle" time="0.597"/>
  <system-out/>
</testsuite> <!-- com.OrangeHRM.testCases.TC002_CheckApplicationTitile -->
